0 info it worked if it ends with ok
1 verbose cli [ '/Users/liwenqian/.nvm/v0.10.33/bin/node',
1 verbose cli   '/Users/liwenqian/.nvm/v0.10.33/bin/npm',
1 verbose cli   'uninstall',
1 verbose cli   'mongo-express' ]
2 info using npm@1.4.28
3 info using node@v0.10.33
4 verbose node_modules/mongo-express unbuild
5 info preuninstall mongo-express@0.21.0
6 info uninstall mongo-express@0.21.0
7 verbose true,/Users/liwenqian/Desktop/Webprojects/node-china/node_modules,/Users/liwenqian/Desktop/Webprojects/node-china/node_modules unbuild mongo-express@0.21.0
8 info postuninstall mongo-express@0.21.0
9 error Error: EACCES, unlink '/Users/liwenqian/Desktop/Webprojects/node-china/node_modules/mongo-express/node_modules/.bin/express'
9 error  { [Error: EACCES, unlink '/Users/liwenqian/Desktop/Webprojects/node-china/node_modules/mongo-express/node_modules/.bin/express']
9 error   errno: 3,
9 error   code: 'EACCES',
9 error   path: '/Users/liwenqian/Desktop/Webprojects/node-china/node_modules/mongo-express/node_modules/.bin/express' }
10 error Please try running this command again as root/Administrator.
11 error System Darwin 14.0.0
12 error command "/Users/liwenqian/.nvm/v0.10.33/bin/node" "/Users/liwenqian/.nvm/v0.10.33/bin/npm" "uninstall" "mongo-express"
13 error cwd /Users/liwenqian/Desktop/Webprojects/node-china
14 error node -v v0.10.33
15 error npm -v 1.4.28
16 error path /Users/liwenqian/Desktop/Webprojects/node-china/node_modules/mongo-express/node_modules/.bin/express
17 error code EACCES
18 error errno 3
19 error stack Error: EACCES, unlink '/Users/liwenqian/Desktop/Webprojects/node-china/node_modules/mongo-express/node_modules/.bin/express'
20 verbose exit [ 3, true ]
